03-16 20:47:48 replicate_layout.action_replicate_layout 305:Plugin executed on: 'linux'
03-16 20:47:48 replicate_layout.action_replicate_layout 306:Plugin executed with python version: '3.8.5 (default, Jan 27 2021, 15:41:15) \n[GCC 9.3.0]'
03-16 20:47:48 replicate_layout.action_replicate_layout 307:KiCad build version: 5.1.9-73d0e3b20d~88~ubuntu20.04.1
03-16 20:47:48 replicate_layout.action_replicate_layout 308:Replicate layout plugin version: 70 started
03-16 20:47:48 replicate_layout.action_replicate_layout 340:Preparing replicator with SW1 as a reference
03-16 20:47:48 replicate_layout.replicatelayout 215:getting project hierarchy from schematics
03-16 20:47:48 replicate_layout.replicatelayout 217:Project hierarchy looks like:
{'604DFF37': ['PEL12T_1', '/home/atuleu/devel/github.com/atuleu/woodpecker/ecad/common/PEL12T_w_Driver.sch'], '604E23DB': ['PEL12T_2', '/home/atuleu/devel/github.com/atuleu/woodpecker/ecad/common/PEL12T_w_Driver.sch'], '604E26D3': ['PEL12T_4', '/home/atuleu/devel/github.com/atuleu/woodpecker/ecad/common/PEL12T_w_Driver.sch'], '604E277D': ['PEL12T_5', '/home/atuleu/devel/github.com/atuleu/woodpecker/ecad/common/PEL12T_w_Driver.sch'], '604E279F': ['MX_1', '/home/atuleu/devel/github.com/atuleu/woodpecker/ecad/common/MX_LED_Underneath.sch'], '604E30DA': ['MX_2', '/home/atuleu/devel/github.com/atuleu/woodpecker/ecad/common/MX_LED_Underneath.sch'], '604E3276': ['MX_3', '/home/atuleu/devel/github.com/atuleu/woodpecker/ecad/common/MX_LED_Underneath.sch'], '604E3363': ['MX_4', '/home/atuleu/devel/github.com/atuleu/woodpecker/ecad/common/MX_LED_Underneath.sch'], '604E34B4': ['MX_5', '/home/atuleu/devel/github.com/atuleu/woodpecker/ecad/common/MX_LED_Underneath.sch'], '604E5501': ['MX_10', '/home/atuleu/devel/github.com/atuleu/woodpecker/ecad/common/MX_LED_Underneath.sch'], '604E52D2': ['MX_8', '/home/atuleu/devel/github.com/atuleu/woodpecker/ecad/common/MX_LED_Underneath.sch'], '604E511D': ['MX_7', '/home/atuleu/devel/github.com/atuleu/woodpecker/ecad/common/MX_LED_Underneath.sch'], '604E5003': ['MX_6', '/home/atuleu/devel/github.com/atuleu/woodpecker/ecad/common/MX_LED_Underneath.sch'], '604E4BEC': ['PEL12T_10', '/home/atuleu/devel/github.com/atuleu/woodpecker/ecad/common/PEL12T_w_Driver.sch'], '604E4878': ['PEL12T_9', '/home/atuleu/devel/github.com/atuleu/woodpecker/ecad/common/PEL12T_w_Driver.sch'], '604E45AC': ['PEL12T_8', '/home/atuleu/devel/github.com/atuleu/woodpecker/ecad/common/PEL12T_w_Driver.sch'], '604E4406': ['PEL12T_7', '/home/atuleu/devel/github.com/atuleu/woodpecker/ecad/common/PEL12T_w_Driver.sch'], '604E40D1': ['PEL12T_6', '/home/atuleu/devel/github.com/atuleu/woodpecker/ecad/common/PEL12T_w_Driver.sch'], '604E2542': ['PEL12T_3', '/home/atuleu/devel/github.com/atuleu/woodpecker/ecad/common/PEL12T_w_Driver.sch'], '604E5455': ['MX_9', '/home/atuleu/devel/github.com/atuleu/woodpecker/ecad/common/MX_LED_Underneath.sch']}
03-16 20:47:48 replicate_layout.replicatelayout 225:getting a list of all footprints on board
03-16 20:47:48 replicate_layout.action_replicate_layout 366:source anchor footprint is 'SW1'
Located on:['PEL12T_1']
With filenames:['../common/PEL12T_w_Driver.sch']
With sheet_id:['PEL12T_1']
03-16 20:47:48 replicate_layout.action_replicate_layout 371:Corresponding footprints are 
[('SW5', ['PEL12T_5']), ('SW15', ['PEL12T_10']), ('SW14', ['PEL12T_9']), ('SW13', ['PEL12T_8']), ('SW12', ['PEL12T_7']), ('SW11', ['PEL12T_6']), ('SW4', ['PEL12T_4']), ('SW3', ['PEL12T_3']), ('SW2', ['PEL12T_2']), ('SW1', ['PEL12T_1'])]
03-16 20:47:48 replicate_layout.action_replicate_layout 384:Showing dialog
03-16 20:47:48 replicate_layout.action_replicate_layout 388:Pcbnew position: wx.Point(0, 27)
03-16 20:47:48 replicate_layout.action_replicate_layout 394:Display 0: wx.Rect(1920, 0, 1920, 1080)
03-16 20:47:48 replicate_layout.action_replicate_layout 394:Display 1: wx.Rect(0, 0, 1920, 1080)
03-16 20:47:48 replicate_layout.action_replicate_layout 398:Toolbar position: wx.Point(1681, 165)
03-16 20:47:48 replicate_layout.action_replicate_layout 405:Dialog position: wx.Point(1368, 165)
03-16 20:47:48 replicate_layout.replicatelayout 249:construcing a list of sheets suitable for replication on level:'PEL12T_1', file:'../common/PEL12T_w_Driver.sch'
03-16 20:47:48 replicate_layout.replicatelayout 256:Source sheet path up to the level:['PEL12T_1']
03-16 20:47:48 replicate_layout.replicatelayout 260:Footprints on the sheets:
['SW5', 'SW15', 'SW14', 'SW13', 'SW12', 'SW11', 'SW4', 'SW3', 'SW2', 'SW1']
03-16 20:47:48 replicate_layout.replicatelayout 263:Footprints raw sheet ids:
['/604E277D/60501BFB', '/604E4BEC/60501BFB', '/604E4878/60501BFB', '/604E45AC/60501BFB', '/604E4406/60501BFB', '/604E40D1/60501BFB', '/604E26D3/60501BFB', '/604E2542/60501BFB', '/604E23DB/60501BFB', '/604DFF37/60501BFB']
03-16 20:47:48 replicate_layout.replicatelayout 279:All sheets to replicate:
[['PEL12T_5'], ['PEL12T_10'], ['PEL12T_9'], ['PEL12T_8'], ['PEL12T_7'], ['PEL12T_6'], ['PEL12T_4'], ['PEL12T_3'], ['PEL12T_2'], ['PEL12T_1']]
03-16 20:47:48 replicate_layout.replicatelayout 284:All sheets to replicate sorted:
[['PEL12T_1'], ['PEL12T_10'], ['PEL12T_2'], ['PEL12T_3'], ['PEL12T_4'], ['PEL12T_5'], ['PEL12T_6'], ['PEL12T_7'], ['PEL12T_8'], ['PEL12T_9']]
03-16 20:47:48 replicate_layout.replicatelayout 290:All sheets to replicate sorted and without source sheet:
[['PEL12T_10'], ['PEL12T_2'], ['PEL12T_3'], ['PEL12T_4'], ['PEL12T_5'], ['PEL12T_6'], ['PEL12T_7'], ['PEL12T_8'], ['PEL12T_9']]
03-16 20:47:52 replicate_layout.replicatelayout 249:construcing a list of sheets suitable for replication on level:'PEL12T_1', file:'../common/PEL12T_w_Driver.sch'
03-16 20:47:52 replicate_layout.replicatelayout 256:Source sheet path up to the level:['PEL12T_1']
03-16 20:47:52 replicate_layout.replicatelayout 260:Footprints on the sheets:
['SW5', 'SW15', 'SW14', 'SW13', 'SW12', 'SW11', 'SW4', 'SW3', 'SW2', 'SW1']
03-16 20:47:52 replicate_layout.replicatelayout 263:Footprints raw sheet ids:
['/604E277D/60501BFB', '/604E4BEC/60501BFB', '/604E4878/60501BFB', '/604E45AC/60501BFB', '/604E4406/60501BFB', '/604E40D1/60501BFB', '/604E26D3/60501BFB', '/604E2542/60501BFB', '/604E23DB/60501BFB', '/604DFF37/60501BFB']
03-16 20:47:52 replicate_layout.replicatelayout 279:All sheets to replicate:
[['PEL12T_5'], ['PEL12T_10'], ['PEL12T_9'], ['PEL12T_8'], ['PEL12T_7'], ['PEL12T_6'], ['PEL12T_4'], ['PEL12T_3'], ['PEL12T_2'], ['PEL12T_1']]
03-16 20:47:52 replicate_layout.replicatelayout 284:All sheets to replicate sorted:
[['PEL12T_1'], ['PEL12T_10'], ['PEL12T_2'], ['PEL12T_3'], ['PEL12T_4'], ['PEL12T_5'], ['PEL12T_6'], ['PEL12T_7'], ['PEL12T_8'], ['PEL12T_9']]
03-16 20:47:52 replicate_layout.replicatelayout 290:All sheets to replicate sorted and without source sheet:
[['PEL12T_10'], ['PEL12T_2'], ['PEL12T_3'], ['PEL12T_4'], ['PEL12T_5'], ['PEL12T_6'], ['PEL12T_7'], ['PEL12T_8'], ['PEL12T_9']]
03-16 20:47:52 replicate_layout.action_replicate_layout 179:Replicating layout
03-16 20:47:52 replicate_layout.replicatelayout 991:Starting replication of sheets: [['PEL12T_10'], ['PEL12T_2'], ['PEL12T_3'], ['PEL12T_4'], ['PEL12T_5'], ['PEL12T_6'], ['PEL12T_7'], ['PEL12T_8'], ['PEL12T_9']]
on level: ['PEL12T_1']
with tracks=False, zone=False, text=False, containing=True, remove=False, locked=False
03-16 20:47:52 root 261:updating GUI message: 'Preparing for replication'
03-16 20:47:52 replicate_layout.replicatelayout 556:Getting the list of source footprints
03-16 20:47:52 root 266:updating GUI with: 0
03-16 20:47:52 replicate_layout.replicatelayout 560:Getting the list of all the remaining footprints
03-16 20:47:52 root 266:updating GUI with: 12
03-16 20:47:52 replicate_layout.replicatelayout 564:Getting nets local to source footprints
03-16 20:47:52 root 266:updating GUI with: 25
03-16 20:47:52 replicate_layout.replicatelayout 568:Getting source bounding box
03-16 20:47:52 root 266:updating GUI with: 37
03-16 20:47:52 replicate_layout.replicatelayout 572:Getting source tracks
03-16 20:47:52 replicate_layout.replicatelayout 576:Getting source zones
03-16 20:47:52 root 266:updating GUI with: 62
03-16 20:47:52 replicate_layout.replicatelayout 580:Getting source text items
03-16 20:47:52 replicate_layout.replicatelayout 584:Getting source text items
03-16 20:47:52 root 261:updating GUI message: 'Replicating footprints'
03-16 20:47:52 replicate_layout.replicatelayout 590:Replicating footprints
03-16 20:47:52 replicate_layout.replicatelayout 596:Replicating footprints on sheet ['PEL12T_10']
03-16 20:47:53 root 266:updating GUI with: 11
03-16 20:47:53 replicate_layout.replicatelayout 596:Replicating footprints on sheet ['PEL12T_2']
03-16 20:47:53 replicate_layout.replicatelayout 596:Replicating footprints on sheet ['PEL12T_3']
03-16 20:47:53 root 266:updating GUI with: 27
03-16 20:47:53 replicate_layout.replicatelayout 596:Replicating footprints on sheet ['PEL12T_4']
03-16 20:47:53 root 266:updating GUI with: 44
03-16 20:47:53 replicate_layout.replicatelayout 596:Replicating footprints on sheet ['PEL12T_5']
03-16 20:47:53 replicate_layout.replicatelayout 596:Replicating footprints on sheet ['PEL12T_6']
03-16 20:47:53 root 266:updating GUI with: 63
03-16 20:47:53 replicate_layout.replicatelayout 596:Replicating footprints on sheet ['PEL12T_7']
03-16 20:47:53 replicate_layout.replicatelayout 596:Replicating footprints on sheet ['PEL12T_8']
03-16 20:47:53 root 266:updating GUI with: 82
03-16 20:47:53 root 266:updating GUI with: 88
03-16 20:47:53 replicate_layout.replicatelayout 596:Replicating footprints on sheet ['PEL12T_9']
03-16 20:47:53 replicate_layout.action_replicate_layout 201:Replication complete
